--ascii is deprecated. Use LANG/LC_* variables to control encoding, and TERM/--color to control colors.
[----] Criterion v2.4.1-13-g2f48d0f-dirty (bleeding)
[====] Running 31 tests from sf_memsuite_grading:
[RUN ] sf_memsuite_grading::free_block_too_small
[PASS] sf_memsuite_grading::free_block_too_small: (0.00s)
[RUN ] sf_memsuite_grading::free_null
[FAIL] sf_memsuite_grading::free_null: (0.00s)
[RUN ] sf_memsuite_grading::free_unallocated
[PASS] sf_memsuite_grading::free_unallocated: (0.00s)
[RUN ] sf_memsuite_grading::initialization
[PASS] sf_memsuite_grading::initialization: (0.00s)
[RUN ] sf_memsuite_grading::malloc_free_coalesce_both
[----] tests/grading_tests_p1.c:237: Unexpected signal caught below this line!
[FAIL] sf_memsuite_grading::malloc_free_coalesce_both: CRASH!
[RUN ] sf_memsuite_grading::malloc_free_coalesce_lower
[PASS] sf_memsuite_grading::malloc_free_coalesce_lower: (0.00s)
[RUN ] sf_memsuite_grading::malloc_free_coalesce_upper
[PASS] sf_memsuite_grading::malloc_free_coalesce_upper: (0.00s)
[RUN ] sf_memsuite_grading::malloc_free_first_block
[PASS] sf_memsuite_grading::malloc_free_first_block: (0.01s)
[RUN ] sf_memsuite_grading::malloc_free_last_block
[----] tests/__grading_helpers.c:99: Assertion Failed
[----]   
[----]   block's footer does not match header for 0x5626613c6670
[----]   
[FAIL] sf_memsuite_grading::malloc_free_last_block: (0.00s)
[RUN ] sf_memsuite_grading::malloc_free_lifo
[----] tests/grading_tests_p2.c:44: Assertion Failed
[----]   
[----]   malloc/free does not follow LIFO discipline
[----]   
[FAIL] sf_memsuite_grading::malloc_free_lifo: (0.00s)
[RUN ] sf_memsuite_grading::malloc_free_no_coalesce
[PASS] sf_memsuite_grading::malloc_free_no_coalesce: (0.00s)
[RUN ] sf_memsuite_grading::malloc_to_exhaustion
[PASS] sf_memsuite_grading::malloc_to_exhaustion: (0.00s)
[RUN ] sf_memsuite_grading::malloc_with_splinter
[PASS] sf_memsuite_grading::malloc_with_splinter: (0.00s)
[RUN ] sf_memsuite_grading::multiple_quick_lists
[PASS] sf_memsuite_grading::multiple_quick_lists: (0.00s)
[RUN ] sf_memsuite_grading::realloc_larger
[PASS] sf_memsuite_grading::realloc_larger: (0.00s)
[RUN ] sf_memsuite_grading::realloc_same
[PASS] sf_memsuite_grading::realloc_same: (0.00s)
[RUN ] sf_memsuite_grading::realloc_size_0
[PASS] sf_memsuite_grading::realloc_size_0: (0.00s)
[RUN ] sf_memsuite_grading::realloc_smaller
[PASS] sf_memsuite_grading::realloc_smaller: (0.00s)
[RUN ] sf_memsuite_grading::realloc_splinter
[PASS] sf_memsuite_grading::realloc_splinter: (0.00s)
[RUN ] sf_memsuite_grading::sf_memalign_test_1
[PASS] sf_memsuite_grading::sf_memalign_test_1: (0.00s)
[RUN ] sf_memsuite_grading::sf_memalign_test_2
[PASS] sf_memsuite_grading::sf_memalign_test_2: (0.00s)
[RUN ] sf_memsuite_grading::sf_memalign_test_3
[PASS] sf_memsuite_grading::sf_memalign_test_3: (0.00s)
[RUN ] sf_memsuite_grading::simple_quick_list
[PASS] sf_memsuite_grading::simple_quick_list: (0.00s)
[RUN ] sf_memsuite_grading::single_malloc_1
[PASS] sf_memsuite_grading::single_malloc_1: (0.00s)
[RUN ] sf_memsuite_grading::single_malloc_16
[PASS] sf_memsuite_grading::single_malloc_16: (0.00s)
[RUN ] sf_memsuite_grading::single_malloc_32
[PASS] sf_memsuite_grading::single_malloc_32: (0.00s)
[RUN ] sf_memsuite_grading::single_malloc_exactly_one_page_needed
[PASS] sf_memsuite_grading::single_malloc_exactly_one_page_needed: (0.00s)
[RUN ] sf_memsuite_grading::single_malloc_max
[PASS] sf_memsuite_grading::single_malloc_max: (0.00s)
[RUN ] sf_memsuite_grading::single_malloc_more_than_one_page_needed
[PASS] sf_memsuite_grading::single_malloc_more_than_one_page_needed: (0.00s)
[RUN ] sf_memsuite_grading::single_malloc_three_pages_needed
[PASS] sf_memsuite_grading::single_malloc_three_pages_needed: (0.00s)
[RUN ] sf_memsuite_grading::stress_test
[----] tests/grading_tests_p2.c:194: Unexpected signal caught below this line!
[FAIL] sf_memsuite_grading::stress_test: CRASH!
[====] Running 10 tests from sfmm_basecode_suite:
[RUN ] sfmm_basecode_suite::free_coalesce
[PASS] sfmm_basecode_suite::free_coalesce: (0.00s)
[RUN ] sfmm_basecode_suite::free_no_coalesce
[PASS] sfmm_basecode_suite::free_no_coalesce: (0.00s)
[RUN ] sfmm_basecode_suite::free_quick
[PASS] sfmm_basecode_suite::free_quick: (0.00s)
[RUN ] sfmm_basecode_suite::freelist
[PASS] sfmm_basecode_suite::freelist: (0.00s)
[RUN ] sfmm_basecode_suite::malloc_an_int
[PASS] sfmm_basecode_suite::malloc_an_int: (0.00s)
[RUN ] sfmm_basecode_suite::malloc_four_pages
[PASS] sfmm_basecode_suite::malloc_four_pages: (0.00s)
[RUN ] sfmm_basecode_suite::malloc_too_large
[PASS] sfmm_basecode_suite::malloc_too_large: (0.00s)
[RUN ] sfmm_basecode_suite::realloc_larger_block
[PASS] sfmm_basecode_suite::realloc_larger_block: (0.00s)
[RUN ] sfmm_basecode_suite::realloc_smaller_block_free_block
[PASS] sfmm_basecode_suite::realloc_smaller_block_free_block: (0.00s)
[RUN ] sfmm_basecode_suite::realloc_smaller_block_splinter
[PASS] sfmm_basecode_suite::realloc_smaller_block_splinter: (0.00s)
[----] Writing xml report in `crit.xml`.
[====] Synthesis: Tested: 41 | Passing: 36 | Failing: 5 | Crashing: 2 
